<?xml version="1.0" encoding="UTF-8"?>
<testsuite xmlns:xsi="http://www.w3.org/2001/XMLSchema-instance" xsi:noNamespaceSchemaLocation="https://maven.apache.org/surefire/maven-surefire-plugin/xsd/surefire-test-report.xsd" name="com.buka.partnermatchingbackend.service.UserServiceTest" time="0.071" tests="1" errors="1" skipped="0" failures="0">
  <properties>
    <property name="sun.desktop" value="windows"/>
    <property name="awt.toolkit" value="sun.awt.windows.WToolkit"/>
    <property name="file.encoding.pkg" value="sun.io"/>
    <property name="java.specification.version" value="1.8"/>
    <property name="sun.cpu.isalist" value="amd64"/>
    <property name="sun.jnu.encoding" value="GBK"/>
    <property name="java.class.path" value="D:\PartnerMatchingProgram\PartnerMatching-backend\target\test-classes;D:\PartnerMatchingProgram\PartnerMatching-backend\target\classes;D:\java\m2\org\springframework\boot\spring-boot-starter-web\2.3.4.RELEASE\spring-boot-starter-web-2.3.4.RELEASE.jar;D:\java\m2\org\springframework\boot\spring-boot-starter\2.3.4.RELEASE\spring-boot-starter-2.3.4.RELEASE.jar;D:\java\m2\org\springframework\boot\spring-boot-starter-logging\2.3.4.RELEASE\spring-boot-starter-logging-2.3.4.RELEASE.jar;D:\java\m2\ch\qos\logback\logback-classic\1.2.3\logback-classic-1.2.3.jar;D:\java\m2\ch\qos\logback\logback-core\1.2.3\logback-core-1.2.3.jar;D:\java\m2\org\apache\logging\log4j\log4j-to-slf4j\2.13.3\log4j-to-slf4j-2.13.3.jar;D:\java\m2\org\apache\logging\log4j\log4j-api\2.13.3\log4j-api-2.13.3.jar;D:\java\m2\org\slf4j\jul-to-slf4j\1.7.30\jul-to-slf4j-1.7.30.jar;D:\java\m2\jakarta\annotation\jakarta.annotation-api\1.3.5\jakarta.annotation-api-1.3.5.jar;D:\java\m2\org\yaml\snakeyaml\1.26\snakeyaml-1.26.jar;D:\java\m2\org\springframework\boot\spring-boot-starter-json\2.3.4.RELEASE\spring-boot-starter-json-2.3.4.RELEASE.jar;D:\java\m2\com\fasterxml\jackson\core\jackson-databind\2.11.2\jackson-databind-2.11.2.jar;D:\java\m2\com\fasterxml\jackson\core\jackson-core\2.11.2\jackson-core-2.11.2.jar;D:\java\m2\com\fasterxml\jackson\datatype\jackson-datatype-jdk8\2.11.2\jackson-datatype-jdk8-2.11.2.jar;D:\java\m2\com\fasterxml\jackson\datatype\jackson-datatype-jsr310\2.11.2\jackson-datatype-jsr310-2.11.2.jar;D:\java\m2\com\fasterxml\jackson\module\jackson-module-parameter-names\2.11.2\jackson-module-parameter-names-2.11.2.jar;D:\java\m2\org\springframework\boot\spring-boot-starter-tomcat\2.3.4.RELEASE\spring-boot-starter-tomcat-2.3.4.RELEASE.jar;D:\java\m2\org\apache\tomcat\embed\tomcat-embed-core\9.0.38\tomcat-embed-core-9.0.38.jar;D:\java\m2\org\glassfish\jakarta.el\3.0.3\jakarta.el-3.0.3.jar;D:\java\m2\org\apache\tomcat\embed\tomcat-embed-websocket\9.0.38\tomcat-embed-websocket-9.0.38.jar;D:\java\m2\org\springframework\spring-web\5.2.9.RELEASE\spring-web-5.2.9.RELEASE.jar;D:\java\m2\org\springframework\spring-beans\5.2.9.RELEASE\spring-beans-5.2.9.RELEASE.jar;D:\java\m2\org\springframework\spring-webmvc\5.2.9.RELEASE\spring-webmvc-5.2.9.RELEASE.jar;D:\java\m2\org\springframework\spring-aop\5.2.9.RELEASE\spring-aop-5.2.9.RELEASE.jar;D:\java\m2\org\springframework\spring-context\5.2.9.RELEASE\spring-context-5.2.9.RELEASE.jar;D:\java\m2\org\springframework\spring-expression\5.2.9.RELEASE\spring-expression-5.2.9.RELEASE.jar;D:\java\m2\org\springframework\session\spring-session-data-redis\2.6.3\spring-session-data-redis-2.6.3.jar;D:\java\m2\org\springframework\session\spring-session-core\2.3.1.RELEASE\spring-session-core-2.3.1.RELEASE.jar;D:\java\m2\org\springframework\spring-jcl\5.2.9.RELEASE\spring-jcl-5.2.9.RELEASE.jar;D:\java\m2\org\springframework\data\spring-data-redis\2.3.4.RELEASE\spring-data-redis-2.3.4.RELEASE.jar;D:\java\m2\org\springframework\data\spring-data-keyvalue\2.3.4.RELEASE\spring-data-keyvalue-2.3.4.RELEASE.jar;D:\java\m2\org\springframework\data\spring-data-commons\2.3.4.RELEASE\spring-data-commons-2.3.4.RELEASE.jar;D:\java\m2\org\springframework\spring-tx\5.2.9.RELEASE\spring-tx-5.2.9.RELEASE.jar;D:\java\m2\org\springframework\spring-oxm\5.2.9.RELEASE\spring-oxm-5.2.9.RELEASE.jar;D:\java\m2\org\springframework\spring-context-support\5.2.9.RELEASE\spring-context-support-5.2.9.RELEASE.jar;D:\java\m2\org\springframework\boot\spring-boot-starter-data-redis\2.6.4\spring-boot-starter-data-redis-2.6.4.jar;D:\java\m2\io\lettuce\lettuce-core\5.3.4.RELEASE\lettuce-core-5.3.4.RELEASE.jar;D:\java\m2\io\netty\netty-common\4.1.52.Final\netty-common-4.1.52.Final.jar;D:\java\m2\io\netty\netty-handler\4.1.52.Final\netty-handler-4.1.52.Final.jar;D:\java\m2\io\netty\netty-resolver\4.1.52.Final\netty-resolver-4.1.52.Final.jar;D:\java\m2\io\netty\netty-buffer\4.1.52.Final\netty-buffer-4.1.52.Final.jar;D:\java\m2\io\netty\netty-codec\4.1.52.Final\netty-codec-4.1.52.Final.jar;D:\java\m2\io\netty\netty-transport\4.1.52.Final\netty-transport-4.1.52.Final.jar;D:\java\m2\io\projectreactor\reactor-core\3.3.10.RELEASE\reactor-core-3.3.10.RELEASE.jar;D:\java\m2\org\reactivestreams\reactive-streams\1.0.3\reactive-streams-1.0.3.jar;D:\java\m2\org\apache\commons\commons-pool2\2.8.1\commons-pool2-2.8.1.jar;D:\java\m2\org\mybatis\spring\boot\mybatis-spring-boot-starter\2.2.2\mybatis-spring-boot-starter-2.2.2.jar;D:\java\m2\org\springframework\boot\spring-boot-starter-jdbc\2.3.4.RELEASE\spring-boot-starter-jdbc-2.3.4.RELEASE.jar;D:\java\m2\com\zaxxer\HikariCP\3.4.5\HikariCP-3.4.5.jar;D:\java\m2\org\springframework\spring-jdbc\5.2.9.RELEASE\spring-jdbc-5.2.9.RELEASE.jar;D:\java\m2\org\mybatis\spring\boot\mybatis-spring-boot-autoconfigure\2.2.2\mybatis-spring-boot-autoconfigure-2.2.2.jar;D:\java\m2\org\mybatis\mybatis\3.5.9\mybatis-3.5.9.jar;D:\java\m2\org\mybatis\mybatis-spring\2.0.7\mybatis-spring-2.0.7.jar;D:\java\m2\com\google\code\gson\gson\2.8.6\gson-2.8.6.jar;D:\java\m2\com\baomidou\mybatis-plus-boot-starter\3.5.1\mybatis-plus-boot-starter-3.5.1.jar;D:\java\m2\com\baomidou\mybatis-plus\3.5.1\mybatis-plus-3.5.1.jar;D:\java\m2\com\baomidou\mybatis-plus-extension\3.5.1\mybatis-plus-extension-3.5.1.jar;D:\java\m2\com\baomidou\mybatis-plus-core\3.5.1\mybatis-plus-core-3.5.1.jar;D:\java\m2\com\baomidou\mybatis-plus-annotation\3.5.1\mybatis-plus-annotation-3.5.1.jar;D:\java\m2\com\github\jsqlparser\jsqlparser\4.3\jsqlparser-4.3.jar;D:\java\m2\org\springframework\boot\spring-boot-autoconfigure\2.3.4.RELEASE\spring-boot-autoconfigure-2.3.4.RELEASE.jar;D:\java\m2\org\apache\commons\commons-lang3\3.12.0\commons-lang3-3.12.0.jar;D:\java\m2\org\springframework\boot\spring-boot-starter-test\2.3.4.RELEASE\spring-boot-starter-test-2.3.4.RELEASE.jar;D:\java\m2\org\springframework\boot\spring-boot-test\2.3.4.RELEASE\spring-boot-test-2.3.4.RELEASE.jar;D:\java\m2\org\springframework\boot\spring-boot-test-autoconfigure\2.3.4.RELEASE\spring-boot-test-autoconfigure-2.3.4.RELEASE.jar;D:\java\m2\com\jayway\jsonpath\json-path\2.4.0\json-path-2.4.0.jar;D:\java\m2\net\minidev\json-smart\2.3\json-smart-2.3.jar;D:\java\m2\net\minidev\accessors-smart\1.2\accessors-smart-1.2.jar;D:\java\m2\org\ow2\asm\asm\5.0.4\asm-5.0.4.jar;D:\java\m2\jakarta\xml\bind\jakarta.xml.bind-api\2.3.3\jakarta.xml.bind-api-2.3.3.jar;D:\java\m2\jakarta\activation\jakarta.activation-api\1.2.2\jakarta.activation-api-1.2.2.jar;D:\java\m2\org\assertj\assertj-core\3.16.1\assertj-core-3.16.1.jar;D:\java\m2\org\hamcrest\hamcrest\2.2\hamcrest-2.2.jar;D:\java\m2\org\junit\vintage\junit-vintage-engine\5.6.2\junit-vintage-engine-5.6.2.jar;D:\java\m2\org\apiguardian\apiguardian-api\1.1.0\apiguardian-api-1.1.0.jar;D:\java\m2\org\junit\platform\junit-platform-engine\1.6.2\junit-platform-engine-1.6.2.jar;D:\java\m2\org\mockito\mockito-core\3.3.3\mockito-core-3.3.3.jar;D:\java\m2\net\bytebuddy\byte-buddy\1.10.14\byte-buddy-1.10.14.jar;D:\java\m2\net\bytebuddy\byte-buddy-agent\1.10.14\byte-buddy-agent-1.10.14.jar;D:\java\m2\org\objenesis\objenesis\2.6\objenesis-2.6.jar;D:\java\m2\org\mockito\mockito-junit-jupiter\3.3.3\mockito-junit-jupiter-3.3.3.jar;D:\java\m2\org\skyscreamer\jsonassert\1.5.0\jsonassert-1.5.0.jar;D:\java\m2\com\vaadin\external\google\android-json\0.0.20131108.vaadin1\android-json-0.0.20131108.vaadin1.jar;D:\java\m2\org\springframework\spring-core\5.2.9.RELEASE\spring-core-5.2.9.RELEASE.jar;D:\java\m2\org\springframework\spring-test\5.2.9.RELEASE\spring-test-5.2.9.RELEASE.jar;D:\java\m2\org\xmlunit\xmlunit-core\2.7.0\xmlunit-core-2.7.0.jar;D:\java\m2\org\springframework\boot\spring-boot-devtools\2.3.4.RELEASE\spring-boot-devtools-2.3.4.RELEASE.jar;D:\java\m2\org\springframework\boot\spring-boot\2.3.4.RELEASE\spring-boot-2.3.4.RELEASE.jar;D:\java\m2\mysql\mysql-connector-java\8.0.21\mysql-connector-java-8.0.21.jar;D:\java\m2\org\springframework\boot\spring-boot-configuration-processor\2.3.4.RELEASE\spring-boot-configuration-processor-2.3.4.RELEASE.jar;D:\java\m2\org\projectlombok\lombok\1.18.12\lombok-1.18.12.jar;D:\java\m2\junit\junit\4.13\junit-4.13.jar;D:\java\m2\org\hamcrest\hamcrest-core\2.2\hamcrest-core-2.2.jar;D:\java\m2\org\junit\jupiter\junit-jupiter\5.7.0\junit-jupiter-5.7.0.jar;D:\java\m2\org\junit\jupiter\junit-jupiter-api\5.6.2\junit-jupiter-api-5.6.2.jar;D:\java\m2\org\opentest4j\opentest4j\1.2.0\opentest4j-1.2.0.jar;D:\java\m2\org\junit\platform\junit-platform-commons\1.6.2\junit-platform-commons-1.6.2.jar;D:\java\m2\org\junit\jupiter\junit-jupiter-params\5.6.2\junit-jupiter-params-5.6.2.jar;D:\java\m2\org\junit\jupiter\junit-jupiter-engine\5.6.2\junit-jupiter-engine-5.6.2.jar;D:\java\m2\com\github\xiaoymin\knife4j-openapi2-spring-boot-starter\4.1.0\knife4j-openapi2-spring-boot-starter-4.1.0.jar;D:\java\m2\com\github\xiaoymin\knife4j-core\4.1.0\knife4j-core-4.1.0.jar;D:\java\m2\com\github\xiaoymin\knife4j-openapi2-ui\4.1.0\knife4j-openapi2-ui-4.1.0.jar;D:\java\m2\org\javassist\javassist\3.25.0-GA\javassist-3.25.0-GA.jar;D:\java\m2\io\springfox\springfox-swagger2\2.10.5\springfox-swagger2-2.10.5.jar;D:\java\m2\io\springfox\springfox-spi\2.10.5\springfox-spi-2.10.5.jar;D:\java\m2\io\springfox\springfox-core\2.10.5\springfox-core-2.10.5.jar;D:\java\m2\io\springfox\springfox-schema\2.10.5\springfox-schema-2.10.5.jar;D:\java\m2\io\springfox\springfox-swagger-common\2.10.5\springfox-swagger-common-2.10.5.jar;D:\java\m2\io\springfox\springfox-spring-web\2.10.5\springfox-spring-web-2.10.5.jar;D:\java\m2\io\github\classgraph\classgraph\4.1.7\classgraph-4.1.7.jar;D:\java\m2\com\fasterxml\classmate\1.5.1\classmate-1.5.1.jar;D:\java\m2\org\springframework\plugin\spring-plugin-core\2.0.0.RELEASE\spring-plugin-core-2.0.0.RELEASE.jar;D:\java\m2\org\springframework\plugin\spring-plugin-metadata\2.0.0.RELEASE\spring-plugin-metadata-2.0.0.RELEASE.jar;D:\java\m2\org\mapstruct\mapstruct\1.3.1.Final\mapstruct-1.3.1.Final.jar;D:\java\m2\io\swagger\swagger-models\1.6.6\swagger-models-1.6.6.jar;D:\java\m2\com\fasterxml\jackson\core\jackson-annotations\2.11.2\jackson-annotations-2.11.2.jar;D:\java\m2\io\swagger\swagger-annotations\1.6.6\swagger-annotations-1.6.6.jar;D:\java\m2\io\springfox\springfox-bean-validators\2.10.5\springfox-bean-validators-2.10.5.jar;D:\java\m2\io\springfox\springfox-spring-webmvc\2.10.5\springfox-spring-webmvc-2.10.5.jar;D:\java\m2\com\alibaba\easyexcel\3.1.0\easyexcel-3.1.0.jar;D:\java\m2\com\alibaba\easyexcel-core\3.1.0\easyexcel-core-3.1.0.jar;D:\java\m2\com\alibaba\easyexcel-support\3.1.0\easyexcel-support-3.1.0.jar;D:\java\m2\org\apache\poi\poi\4.1.2\poi-4.1.2.jar;D:\java\m2\commons-codec\commons-codec\1.14\commons-codec-1.14.jar;D:\java\m2\org\apache\commons\commons-collections4\4.4\commons-collections4-4.4.jar;D:\java\m2\org\apache\commons\commons-math3\3.6.1\commons-math3-3.6.1.jar;D:\java\m2\com\zaxxer\SparseBitSet\1.2\SparseBitSet-1.2.jar;D:\java\m2\org\apache\poi\poi-ooxml\4.1.2\poi-ooxml-4.1.2.jar;D:\java\m2\org\apache\commons\commons-compress\1.19\commons-compress-1.19.jar;D:\java\m2\com\github\virtuald\curvesapi\1.06\curvesapi-1.06.jar;D:\java\m2\org\apache\poi\poi-ooxml-schemas\4.1.2\poi-ooxml-schemas-4.1.2.jar;D:\java\m2\org\apache\xmlbeans\xmlbeans\3.1.0\xmlbeans-3.1.0.jar;D:\java\m2\org\apache\commons\commons-csv\1.8\commons-csv-1.8.jar;D:\java\m2\org\ehcache\ehcache\3.8.1\ehcache-3.8.1.jar;D:\java\m2\org\glassfish\jaxb\jaxb-runtime\2.3.3\jaxb-runtime-2.3.3.jar;D:\java\m2\org\glassfish\jaxb\txw2\2.3.3\txw2-2.3.3.jar;D:\java\m2\com\sun\istack\istack-commons-runtime\3.0.11\istack-commons-runtime-3.0.11.jar;D:\java\m2\com\sun\activation\jakarta.activation\1.2.2\jakarta.activation-1.2.2.jar;D:\java\m2\org\slf4j\slf4j-api\1.7.30\slf4j-api-1.7.30.jar;"/>
    <property name="java.vm.vendor" value="Amazon.com Inc."/>
    <property name="sun.arch.data.model" value="64"/>
    <property name="user.variant" value=""/>
    <property name="java.vendor.url" value="https://aws.amazon.com/corretto/"/>
    <property name="user.timezone" value="GMT+08:00"/>
    <property name="java.vm.specification.version" value="1.8"/>
    <property name="os.name" value="Windows 10"/>
    <property name="user.country" value="CN"/>
    <property name="sun.java.launcher" value="SUN_STANDARD"/>
    <property name="sun.boot.library.path" value="C:\Users\SPONGE\.jdks\corretto-1.8.0_372\jre\bin"/>
    <property name="sun.java.command" value="C:\Users\SPONGE\AppData\Local\Temp\surefire3482205412985675969\surefirebooter9170676402608796497.jar C:\Users\SPONGE\AppData\Local\Temp\surefire3482205412985675969 2024-04-18T15-52-04_671-jvmRun1 surefire2782464610891220469tmp surefire_0634378974272152459tmp"/>
    <property name="surefire.test.class.path" value="D:\PartnerMatchingProgram\PartnerMatching-backend\target\test-classes;D:\PartnerMatchingProgram\PartnerMatching-backend\target\classes;D:\java\m2\org\springframework\boot\spring-boot-starter-web\2.3.4.RELEASE\spring-boot-starter-web-2.3.4.RELEASE.jar;D:\java\m2\org\springframework\boot\spring-boot-starter\2.3.4.RELEASE\spring-boot-starter-2.3.4.RELEASE.jar;D:\java\m2\org\springframework\boot\spring-boot-starter-logging\2.3.4.RELEASE\spring-boot-starter-logging-2.3.4.RELEASE.jar;D:\java\m2\ch\qos\logback\logback-classic\1.2.3\logback-classic-1.2.3.jar;D:\java\m2\ch\qos\logback\logback-core\1.2.3\logback-core-1.2.3.jar;D:\java\m2\org\apache\logging\log4j\log4j-to-slf4j\2.13.3\log4j-to-slf4j-2.13.3.jar;D:\java\m2\org\apache\logging\log4j\log4j-api\2.13.3\log4j-api-2.13.3.jar;D:\java\m2\org\slf4j\jul-to-slf4j\1.7.30\jul-to-slf4j-1.7.30.jar;D:\java\m2\jakarta\annotation\jakarta.annotation-api\1.3.5\jakarta.annotation-api-1.3.5.jar;D:\java\m2\org\yaml\snakeyaml\1.26\snakeyaml-1.26.jar;D:\java\m2\org\springframework\boot\spring-boot-starter-json\2.3.4.RELEASE\spring-boot-starter-json-2.3.4.RELEASE.jar;D:\java\m2\com\fasterxml\jackson\core\jackson-databind\2.11.2\jackson-databind-2.11.2.jar;D:\java\m2\com\fasterxml\jackson\core\jackson-core\2.11.2\jackson-core-2.11.2.jar;D:\java\m2\com\fasterxml\jackson\datatype\jackson-datatype-jdk8\2.11.2\jackson-datatype-jdk8-2.11.2.jar;D:\java\m2\com\fasterxml\jackson\datatype\jackson-datatype-jsr310\2.11.2\jackson-datatype-jsr310-2.11.2.jar;D:\java\m2\com\fasterxml\jackson\module\jackson-module-parameter-names\2.11.2\jackson-module-parameter-names-2.11.2.jar;D:\java\m2\org\springframework\boot\spring-boot-starter-tomcat\2.3.4.RELEASE\spring-boot-starter-tomcat-2.3.4.RELEASE.jar;D:\java\m2\org\apache\tomcat\embed\tomcat-embed-core\9.0.38\tomcat-embed-core-9.0.38.jar;D:\java\m2\org\glassfish\jakarta.el\3.0.3\jakarta.el-3.0.3.jar;D:\java\m2\org\apache\tomcat\embed\tomcat-embed-websocket\9.0.38\tomcat-embed-websocket-9.0.38.jar;D:\java\m2\org\springframework\spring-web\5.2.9.RELEASE\spring-web-5.2.9.RELEASE.jar;D:\java\m2\org\springframework\spring-beans\5.2.9.RELEASE\spring-beans-5.2.9.RELEASE.jar;D:\java\m2\org\springframework\spring-webmvc\5.2.9.RELEASE\spring-webmvc-5.2.9.RELEASE.jar;D:\java\m2\org\springframework\spring-aop\5.2.9.RELEASE\spring-aop-5.2.9.RELEASE.jar;D:\java\m2\org\springframework\spring-context\5.2.9.RELEASE\spring-context-5.2.9.RELEASE.jar;D:\java\m2\org\springframework\spring-expression\5.2.9.RELEASE\spring-expression-5.2.9.RELEASE.jar;D:\java\m2\org\springframework\session\spring-session-data-redis\2.6.3\spring-session-data-redis-2.6.3.jar;D:\java\m2\org\springframework\session\spring-session-core\2.3.1.RELEASE\spring-session-core-2.3.1.RELEASE.jar;D:\java\m2\org\springframework\spring-jcl\5.2.9.RELEASE\spring-jcl-5.2.9.RELEASE.jar;D:\java\m2\org\springframework\data\spring-data-redis\2.3.4.RELEASE\spring-data-redis-2.3.4.RELEASE.jar;D:\java\m2\org\springframework\data\spring-data-keyvalue\2.3.4.RELEASE\spring-data-keyvalue-2.3.4.RELEASE.jar;D:\java\m2\org\springframework\data\spring-data-commons\2.3.4.RELEASE\spring-data-commons-2.3.4.RELEASE.jar;D:\java\m2\org\springframework\spring-tx\5.2.9.RELEASE\spring-tx-5.2.9.RELEASE.jar;D:\java\m2\org\springframework\spring-oxm\5.2.9.RELEASE\spring-oxm-5.2.9.RELEASE.jar;D:\java\m2\org\springframework\spring-context-support\5.2.9.RELEASE\spring-context-support-5.2.9.RELEASE.jar;D:\java\m2\org\springframework\boot\spring-boot-starter-data-redis\2.6.4\spring-boot-starter-data-redis-2.6.4.jar;D:\java\m2\io\lettuce\lettuce-core\5.3.4.RELEASE\lettuce-core-5.3.4.RELEASE.jar;D:\java\m2\io\netty\netty-common\4.1.52.Final\netty-common-4.1.52.Final.jar;D:\java\m2\io\netty\netty-handler\4.1.52.Final\netty-handler-4.1.52.Final.jar;D:\java\m2\io\netty\netty-resolver\4.1.52.Final\netty-resolver-4.1.52.Final.jar;D:\java\m2\io\netty\netty-buffer\4.1.52.Final\netty-buffer-4.1.52.Final.jar;D:\java\m2\io\netty\netty-codec\4.1.52.Final\netty-codec-4.1.52.Final.jar;D:\java\m2\io\netty\netty-transport\4.1.52.Final\netty-transport-4.1.52.Final.jar;D:\java\m2\io\projectreactor\reactor-core\3.3.10.RELEASE\reactor-core-3.3.10.RELEASE.jar;D:\java\m2\org\reactivestreams\reactive-streams\1.0.3\reactive-streams-1.0.3.jar;D:\java\m2\org\apache\commons\commons-pool2\2.8.1\commons-pool2-2.8.1.jar;D:\java\m2\org\mybatis\spring\boot\mybatis-spring-boot-starter\2.2.2\mybatis-spring-boot-starter-2.2.2.jar;D:\java\m2\org\springframework\boot\spring-boot-starter-jdbc\2.3.4.RELEASE\spring-boot-starter-jdbc-2.3.4.RELEASE.jar;D:\java\m2\com\zaxxer\HikariCP\3.4.5\HikariCP-3.4.5.jar;D:\java\m2\org\springframework\spring-jdbc\5.2.9.RELEASE\spring-jdbc-5.2.9.RELEASE.jar;D:\java\m2\org\mybatis\spring\boot\mybatis-spring-boot-autoconfigure\2.2.2\mybatis-spring-boot-autoconfigure-2.2.2.jar;D:\java\m2\org\mybatis\mybatis\3.5.9\mybatis-3.5.9.jar;D:\java\m2\org\mybatis\mybatis-spring\2.0.7\mybatis-spring-2.0.7.jar;D:\java\m2\com\google\code\gson\gson\2.8.6\gson-2.8.6.jar;D:\java\m2\com\baomidou\mybatis-plus-boot-starter\3.5.1\mybatis-plus-boot-starter-3.5.1.jar;D:\java\m2\com\baomidou\mybatis-plus\3.5.1\mybatis-plus-3.5.1.jar;D:\java\m2\com\baomidou\mybatis-plus-extension\3.5.1\mybatis-plus-extension-3.5.1.jar;D:\java\m2\com\baomidou\mybatis-plus-core\3.5.1\mybatis-plus-core-3.5.1.jar;D:\java\m2\com\baomidou\mybatis-plus-annotation\3.5.1\mybatis-plus-annotation-3.5.1.jar;D:\java\m2\com\github\jsqlparser\jsqlparser\4.3\jsqlparser-4.3.jar;D:\java\m2\org\springframework\boot\spring-boot-autoconfigure\2.3.4.RELEASE\spring-boot-autoconfigure-2.3.4.RELEASE.jar;D:\java\m2\org\apache\commons\commons-lang3\3.12.0\commons-lang3-3.12.0.jar;D:\java\m2\org\springframework\boot\spring-boot-starter-test\2.3.4.RELEASE\spring-boot-starter-test-2.3.4.RELEASE.jar;D:\java\m2\org\springframework\boot\spring-boot-test\2.3.4.RELEASE\spring-boot-test-2.3.4.RELEASE.jar;D:\java\m2\org\springframework\boot\spring-boot-test-autoconfigure\2.3.4.RELEASE\spring-boot-test-autoconfigure-2.3.4.RELEASE.jar;D:\java\m2\com\jayway\jsonpath\json-path\2.4.0\json-path-2.4.0.jar;D:\java\m2\net\minidev\json-smart\2.3\json-smart-2.3.jar;D:\java\m2\net\minidev\accessors-smart\1.2\accessors-smart-1.2.jar;D:\java\m2\org\ow2\asm\asm\5.0.4\asm-5.0.4.jar;D:\java\m2\jakarta\xml\bind\jakarta.xml.bind-api\2.3.3\jakarta.xml.bind-api-2.3.3.jar;D:\java\m2\jakarta\activation\jakarta.activation-api\1.2.2\jakarta.activation-api-1.2.2.jar;D:\java\m2\org\assertj\assertj-core\3.16.1\assertj-core-3.16.1.jar;D:\java\m2\org\hamcrest\hamcrest\2.2\hamcrest-2.2.jar;D:\java\m2\org\junit\vintage\junit-vintage-engine\5.6.2\junit-vintage-engine-5.6.2.jar;D:\java\m2\org\apiguardian\apiguardian-api\1.1.0\apiguardian-api-1.1.0.jar;D:\java\m2\org\junit\platform\junit-platform-engine\1.6.2\junit-platform-engine-1.6.2.jar;D:\java\m2\org\mockito\mockito-core\3.3.3\mockito-core-3.3.3.jar;D:\java\m2\net\bytebuddy\byte-buddy\1.10.14\byte-buddy-1.10.14.jar;D:\java\m2\net\bytebuddy\byte-buddy-agent\1.10.14\byte-buddy-agent-1.10.14.jar;D:\java\m2\org\objenesis\objenesis\2.6\objenesis-2.6.jar;D:\java\m2\org\mockito\mockito-junit-jupiter\3.3.3\mockito-junit-jupiter-3.3.3.jar;D:\java\m2\org\skyscreamer\jsonassert\1.5.0\jsonassert-1.5.0.jar;D:\java\m2\com\vaadin\external\google\android-json\0.0.20131108.vaadin1\android-json-0.0.20131108.vaadin1.jar;D:\java\m2\org\springframework\spring-core\5.2.9.RELEASE\spring-core-5.2.9.RELEASE.jar;D:\java\m2\org\springframework\spring-test\5.2.9.RELEASE\spring-test-5.2.9.RELEASE.jar;D:\java\m2\org\xmlunit\xmlunit-core\2.7.0\xmlunit-core-2.7.0.jar;D:\java\m2\org\springframework\boot\spring-boot-devtools\2.3.4.RELEASE\spring-boot-devtools-2.3.4.RELEASE.jar;D:\java\m2\org\springframework\boot\spring-boot\2.3.4.RELEASE\spring-boot-2.3.4.RELEASE.jar;D:\java\m2\mysql\mysql-connector-java\8.0.21\mysql-connector-java-8.0.21.jar;D:\java\m2\org\springframework\boot\spring-boot-configuration-processor\2.3.4.RELEASE\spring-boot-configuration-processor-2.3.4.RELEASE.jar;D:\java\m2\org\projectlombok\lombok\1.18.12\lombok-1.18.12.jar;D:\java\m2\junit\junit\4.13\junit-4.13.jar;D:\java\m2\org\hamcrest\hamcrest-core\2.2\hamcrest-core-2.2.jar;D:\java\m2\org\junit\jupiter\junit-jupiter\5.7.0\junit-jupiter-5.7.0.jar;D:\java\m2\org\junit\jupiter\junit-jupiter-api\5.6.2\junit-jupiter-api-5.6.2.jar;D:\java\m2\org\opentest4j\opentest4j\1.2.0\opentest4j-1.2.0.jar;D:\java\m2\org\junit\platform\junit-platform-commons\1.6.2\junit-platform-commons-1.6.2.jar;D:\java\m2\org\junit\jupiter\junit-jupiter-params\5.6.2\junit-jupiter-params-5.6.2.jar;D:\java\m2\org\junit\jupiter\junit-jupiter-engine\5.6.2\junit-jupiter-engine-5.6.2.jar;D:\java\m2\com\github\xiaoymin\knife4j-openapi2-spring-boot-starter\4.1.0\knife4j-openapi2-spring-boot-starter-4.1.0.jar;D:\java\m2\com\github\xiaoymin\knife4j-core\4.1.0\knife4j-core-4.1.0.jar;D:\java\m2\com\github\xiaoymin\knife4j-openapi2-ui\4.1.0\knife4j-openapi2-ui-4.1.0.jar;D:\java\m2\org\javassist\javassist\3.25.0-GA\javassist-3.25.0-GA.jar;D:\java\m2\io\springfox\springfox-swagger2\2.10.5\springfox-swagger2-2.10.5.jar;D:\java\m2\io\springfox\springfox-spi\2.10.5\springfox-spi-2.10.5.jar;D:\java\m2\io\springfox\springfox-core\2.10.5\springfox-core-2.10.5.jar;D:\java\m2\io\springfox\springfox-schema\2.10.5\springfox-schema-2.10.5.jar;D:\java\m2\io\springfox\springfox-swagger-common\2.10.5\springfox-swagger-common-2.10.5.jar;D:\java\m2\io\springfox\springfox-spring-web\2.10.5\springfox-spring-web-2.10.5.jar;D:\java\m2\io\github\classgraph\classgraph\4.1.7\classgraph-4.1.7.jar;D:\java\m2\com\fasterxml\classmate\1.5.1\classmate-1.5.1.jar;D:\java\m2\org\springframework\plugin\spring-plugin-core\2.0.0.RELEASE\spring-plugin-core-2.0.0.RELEASE.jar;D:\java\m2\org\springframework\plugin\spring-plugin-metadata\2.0.0.RELEASE\spring-plugin-metadata-2.0.0.RELEASE.jar;D:\java\m2\org\mapstruct\mapstruct\1.3.1.Final\mapstruct-1.3.1.Final.jar;D:\java\m2\io\swagger\swagger-models\1.6.6\swagger-models-1.6.6.jar;D:\java\m2\com\fasterxml\jackson\core\jackson-annotations\2.11.2\jackson-annotations-2.11.2.jar;D:\java\m2\io\swagger\swagger-annotations\1.6.6\swagger-annotations-1.6.6.jar;D:\java\m2\io\springfox\springfox-bean-validators\2.10.5\springfox-bean-validators-2.10.5.jar;D:\java\m2\io\springfox\springfox-spring-webmvc\2.10.5\springfox-spring-webmvc-2.10.5.jar;D:\java\m2\com\alibaba\easyexcel\3.1.0\easyexcel-3.1.0.jar;D:\java\m2\com\alibaba\easyexcel-core\3.1.0\easyexcel-core-3.1.0.jar;D:\java\m2\com\alibaba\easyexcel-support\3.1.0\easyexcel-support-3.1.0.jar;D:\java\m2\org\apache\poi\poi\4.1.2\poi-4.1.2.jar;D:\java\m2\commons-codec\commons-codec\1.14\commons-codec-1.14.jar;D:\java\m2\org\apache\commons\commons-collections4\4.4\commons-collections4-4.4.jar;D:\java\m2\org\apache\commons\commons-math3\3.6.1\commons-math3-3.6.1.jar;D:\java\m2\com\zaxxer\SparseBitSet\1.2\SparseBitSet-1.2.jar;D:\java\m2\org\apache\poi\poi-ooxml\4.1.2\poi-ooxml-4.1.2.jar;D:\java\m2\org\apache\commons\commons-compress\1.19\commons-compress-1.19.jar;D:\java\m2\com\github\virtuald\curvesapi\1.06\curvesapi-1.06.jar;D:\java\m2\org\apache\poi\poi-ooxml-schemas\4.1.2\poi-ooxml-schemas-4.1.2.jar;D:\java\m2\org\apache\xmlbeans\xmlbeans\3.1.0\xmlbeans-3.1.0.jar;D:\java\m2\org\apache\commons\commons-csv\1.8\commons-csv-1.8.jar;D:\java\m2\org\ehcache\ehcache\3.8.1\ehcache-3.8.1.jar;D:\java\m2\org\glassfish\jaxb\jaxb-runtime\2.3.3\jaxb-runtime-2.3.3.jar;D:\java\m2\org\glassfish\jaxb\txw2\2.3.3\txw2-2.3.3.jar;D:\java\m2\com\sun\istack\istack-commons-runtime\3.0.11\istack-commons-runtime-3.0.11.jar;D:\java\m2\com\sun\activation\jakarta.activation\1.2.2\jakarta.activation-1.2.2.jar;D:\java\m2\org\slf4j\slf4j-api\1.7.30\slf4j-api-1.7.30.jar;"/>
    <property name="sun.cpu.endian" value="little"/>
    <property name="user.home" value="C:\Users\SPONGE"/>
    <property name="user.language" value="zh"/>
    <property name="java.specification.vendor" value="Oracle Corporation"/>
    <property name="java.home" value="C:\Users\SPONGE\.jdks\corretto-1.8.0_372\jre"/>
    <property name="basedir" value="D:\PartnerMatchingProgram\PartnerMatching-backend"/>
    <property name="file.separator" value="\"/>
    <property name="line.separator" value="&#10;"/>
    <property name="java.vm.specification.vendor" value="Oracle Corporation"/>
    <property name="java.specification.name" value="Java Platform API Specification"/>
    <property name="java.awt.graphicsenv" value="sun.awt.Win32GraphicsEnvironment"/>
    <property name="surefire.real.class.path" value="C:\Users\SPONGE\AppData\Local\Temp\surefire3482205412985675969\surefirebooter9170676402608796497.jar"/>
    <property name="sun.boot.class.path" value="C:\Users\SPONGE\.jdks\corretto-1.8.0_372\jre\lib\resources.jar;C:\Users\SPONGE\.jdks\corretto-1.8.0_372\jre\lib\rt.jar;C:\Users\SPONGE\.jdks\corretto-1.8.0_372\jre\lib\sunrsasign.jar;C:\Users\SPONGE\.jdks\corretto-1.8.0_372\jre\lib\jsse.jar;C:\Users\SPONGE\.jdks\corretto-1.8.0_372\jre\lib\jce.jar;C:\Users\SPONGE\.jdks\corretto-1.8.0_372\jre\lib\charsets.jar;C:\Users\SPONGE\.jdks\corretto-1.8.0_372\jre\lib\jfr.jar;C:\Users\SPONGE\.jdks\corretto-1.8.0_372\jre\classes"/>
    <property name="user.script" value=""/>
    <property name="sun.management.compiler" value="HotSpot 64-Bit Tiered Compilers"/>
    <property name="java.runtime.version" value="1.8.0_372-b07"/>
    <property name="user.name" value="SPONGE"/>
    <property name="path.separator" value=";"/>
    <property name="os.version" value="10.0"/>
    <property name="java.endorsed.dirs" value="C:\Users\SPONGE\.jdks\corretto-1.8.0_372\jre\lib\endorsed"/>
    <property name="java.runtime.name" value="OpenJDK Runtime Environment"/>
    <property name="file.encoding" value="GBK"/>
    <property name="java.vm.name" value="OpenJDK 64-Bit Server VM"/>
    <property name="localRepository" value="D:\java\m2"/>
    <property name="java.vendor.url.bug" value="https://github.com/corretto/corretto-8/issues/"/>
    <property name="java.io.tmpdir" value="C:\Users\SPONGE\AppData\Local\Temp\"/>
    <property name="idea.version" value="2021.1.3"/>
    <property name="java.version" value="1.8.0_372"/>
    <property name="user.dir" value="D:\PartnerMatchingProgram\PartnerMatching-backend"/>
    <property name="os.arch" value="amd64"/>
    <property name="java.vm.specification.name" value="Java Virtual Machine Specification"/>
    <property name="java.awt.printerjob" value="sun.awt.windows.WPrinterJob"/>
    <property name="sun.os.patch.level" value=""/>
    <property name="java.library.path" value="C:\Users\SPONGE\.jdks\corretto-1.8.0_372\jre\bin;C:\WINDOWS\Sun\Java\bin;C:\WINDOWS\system32;C:\WINDOWS;D:\vm2\bin\;C:\Program Files\Java\jdk1.8.0_211\bin;C:\Program Files (x86)\Common Files\Oracle\Java\javapath;C:\windows\system32;C:\windows;C:\windows\System32\Wbem;C:\windows\System32\WindowsPowerShell\v1.0\;C:\windows\System32\OpenSSH\;C:\Program Files (x86)\NVIDIA Corporation\PhysX\Common;C:\Program Files\NVIDIA Corporation\NVIDIA NvDLISR;C:\WINDOWS\system32;C:\WINDOWS;C:\WINDOWS\System32\Wbem;C:\WINDOWS\System32\WindowsPowerShell\v1.0\;C:\WINDOWS\System32\OpenSSH\;C:\Program Files\Microsoft SQL Server\130\Tools\Binn\;C:\java\代码;C:\Program Files\Git\cmd;C:\Program Files (x86)\Microsoft SQL Server\100\Tools\Binn\;C:\Program Files\Microsoft SQL Server\100\Tools\Binn\;C:\Program Files\Microsoft SQL Server\100\DTS\Binn\;C:\Program Files (x86)\Microsoft SQL Server\100\Tools\Binn\VSShell\Common7\IDE\;C:\Program Files (x86)\Microsoft Visual Studio 9.0\Common7\IDE\PrivateAssemblies\;C:\Program Files (x86)\Microsoft SQL Server\100\DTS\Binn\;C:\Program Files\dotnet\;C:\Program Files (x86)\Tencent\微信web开发者工具\dll;C:\Program Files (x86)\AOMEI\AOMEI Backupper\6.9.5;C:\Mysql\mysql-8.0.26-winx64\mysql-8.0.26-winx64\bin;D:\java\apache-maven-3.6.1-bin\apache-maven-3.6.1\bin;C:\ProgramData\chocolatey\bin;C:\Program Files (x86)\Yarn\bin\;D:\NVM1\nvm;D:\NODE1;C:\Users\SPONGE\AppData\Local\Microsoft\WindowsApps;C:\Users\SPONGE\AppData\Local\Programs\Microsoft VS Code\bin;C:\Users\SPONGE\AppData\Roaming\npm;C:\Users\SPONGE\AppData\Local\Yarn\bin;D:\NVM1\nvm;D:\NODE1;."/>
    <property name="java.vm.info" value="mixed mode"/>
    <property name="java.vendor" value="Amazon.com Inc."/>
    <property name="java.vm.version" value="25.372-b07"/>
    <property name="java.specification.maintenance.version" value="4"/>
    <property name="java.ext.dirs" value="C:\Users\SPONGE\.jdks\corretto-1.8.0_372\jre\lib\ext;C:\WINDOWS\Sun\Java\lib\ext"/>
    <property name="sun.io.unicode.encoding" value="UnicodeLittle"/>
    <property name="maven.repo.local" value="D:\java\m2"/>
    <property name="java.class.version" value="52.0"/>
  </properties>
  <testcase name="searchUserByTags" classname="com.buka.partnermatchingbackend.service.UserServiceTest" time="0">
    <error message="Failed to load ApplicationContext" type="java.lang.IllegalStateException">java.lang.IllegalStateException: Failed to load ApplicationContext
Caused by: java.lang.IllegalArgumentException: Unable to instantiate factory class [com.github.xiaoymin.knife4j.spring.common.bean.SpringFoxEnvironmentPostProcessor] for factory type [org.springframework.boot.env.EnvironmentPostProcessor]
Caused by: java.lang.NoClassDefFoundError: org/springframework/boot/DefaultPropertiesPropertySource
Caused by: java.lang.ClassNotFoundException: org.springframework.boot.DefaultPropertiesPropertySource
</error>
    <system-out><![CDATA[15:52:06.000 [main] DEBUG org.springframework.test.context.BootstrapUtils - Instantiating CacheAwareContextLoaderDelegate from class [org.springframework.test.context.cache.DefaultCacheAwareContextLoaderDelegate]
15:52:06.000 [main] DEBUG org.springframework.test.context.BootstrapUtils - Instantiating BootstrapContext using constructor [public org.springframework.test.context.support.DefaultBootstrapContext(java.lang.Class,org.springframework.test.context.CacheAwareContextLoaderDelegate)]
15:52:06.001 [main] DEBUG org.springframework.test.context.BootstrapUtils - Instantiating TestContextBootstrapper for test class [com.buka.partnermatchingbackend.service.UserServiceTest] from class [org.springframework.boot.test.context.SpringBootTestContextBootstrapper]
15:52:06.001 [main] INFO org.springframework.boot.test.context.SpringBootTestContextBootstrapper - Neither @ContextConfiguration nor @ContextHierarchy found for test class [com.buka.partnermatchingbackend.service.UserServiceTest], using SpringBootContextLoader
15:52:06.002 [main] DEBUG org.springframework.test.context.support.AbstractContextLoader - Did not detect default resource location for test class [com.buka.partnermatchingbackend.service.UserServiceTest]: class path resource [com/buka/partnermatchingbackend/service/UserServiceTest-context.xml] does not exist
15:52:06.002 [main] DEBUG org.springframework.test.context.support.AbstractContextLoader - Did not detect default resource location for test class [com.buka.partnermatchingbackend.service.UserServiceTest]: class path resource [com/buka/partnermatchingbackend/service/UserServiceTestContext.groovy] does not exist
15:52:06.002 [main] INFO org.springframework.test.context.support.AbstractContextLoader - Could not detect default resource locations for test class [com.buka.partnermatchingbackend.service.UserServiceTest]: no resource found for suffixes {-context.xml, Context.groovy}.
15:52:06.002 [main] INFO org.springframework.test.context.support.AnnotationConfigContextLoaderUtils - Could not detect default configuration classes for test class [com.buka.partnermatchingbackend.service.UserServiceTest]: UserServiceTest does not declare any static, non-private, non-final, nested classes annotated with @Configuration.
15:52:06.004 [main] DEBUG org.springframework.test.context.support.ActiveProfilesUtils - Could not find an 'annotation declaring class' for annotation type [org.springframework.test.context.ActiveProfiles] and class [com.buka.partnermatchingbackend.service.UserServiceTest]
15:52:06.008 [main] DEBUG org.springframework.context.annotation.ClassPathScanningCandidateComponentProvider - Identified candidate component class: file [D:\PartnerMatchingProgram\PartnerMatching-backend\target\classes\com\buka\partnermatchingbackend\PartnerMatchingBackendApplication.class]
15:52:06.008 [main] INFO org.springframework.boot.test.context.SpringBootTestContextBootstrapper - Found @SpringBootConfiguration com.buka.partnermatchingbackend.PartnerMatchingBackendApplication for test class com.buka.partnermatchingbackend.service.UserServiceTest
15:52:06.010 [main] DEBUG org.springframework.boot.test.context.SpringBootTestContextBootstrapper - @TestExecutionListeners is not present for class [com.buka.partnermatchingbackend.service.UserServiceTest]: using defaults.
15:52:06.010 [main] INFO org.springframework.boot.test.context.SpringBootTestContextBootstrapper - Loaded default TestExecutionListener class names from location [META-INF/spring.factories]: [org.springframework.boot.test.mock.mockito.MockitoTestExecutionListener, org.springframework.boot.test.mock.mockito.ResetMocksTestExecutionListener, org.springframework.boot.test.autoconfigure.restdocs.RestDocsTestExecutionListener, org.springframework.boot.test.autoconfigure.web.client.MockRestServiceServerResetTestExecutionListener, org.springframework.boot.test.autoconfigure.web.servlet.MockMvcPrintOnlyOnFailureTestExecutionListener, org.springframework.boot.test.autoconfigure.web.servlet.WebDriverTestExecutionListener, org.springframework.boot.test.autoconfigure.webservices.client.MockWebServiceServerTestExecutionListener, org.springframework.test.context.web.ServletTestExecutionListener, org.springframework.test.context.support.DirtiesContextBeforeModesTestExecutionListener, org.springframework.test.context.support.DependencyInjectionTestExecutionListener, org.springframework.test.context.support.DirtiesContextTestExecutionListener, org.springframework.test.context.transaction.TransactionalTestExecutionListener, org.springframework.test.context.jdbc.SqlScriptsTestExecutionListener, org.springframework.test.context.event.EventPublishingTestExecutionListener]
15:52:06.011 [main] INFO org.springframework.boot.test.context.SpringBootTestContextBootstrapper - Using TestExecutionListeners: [org.springframework.test.context.web.ServletTestExecutionListener@1205bd62, org.springframework.test.context.support.DirtiesContextBeforeModesTestExecutionListener@7ef27d7f, org.springframework.boot.test.mock.mockito.MockitoTestExecutionListener@490caf5f, org.springframework.boot.test.autoconfigure.SpringBootDependencyInjectionTestExecutionListener@6337c201, org.springframework.test.context.support.DirtiesContextTestExecutionListener@5c669da8, org.springframework.test.context.transaction.TransactionalTestExecutionListener@31920ade, org.springframework.test.context.jdbc.SqlScriptsTestExecutionListener@1d483de4, org.springframework.test.context.event.EventPublishingTestExecutionListener@4032d386, org.springframework.boot.test.mock.mockito.ResetMocksTestExecutionListener@28d18df5, org.springframework.boot.test.autoconfigure.restdocs.RestDocsTestExecutionListener@934b6cb, org.springframework.boot.test.autoconfigure.web.client.MockRestServiceServerResetTestExecutionListener@55cf0d14, org.springframework.boot.test.autoconfigure.web.servlet.MockMvcPrintOnlyOnFailureTestExecutionListener@3b74ac8, org.springframework.boot.test.autoconfigure.web.servlet.WebDriverTestExecutionListener@27adc16e, org.springframework.boot.test.autoconfigure.webservices.client.MockWebServiceServerTestExecutionListener@b83a9be]
15:52:06.011 [main] DEBUG org.springframework.test.context.support.AbstractDirtiesContextTestExecutionListener - Before test class: context [DefaultTestContext@2609b277 testClass = UserServiceTest, testInstance = [null], testMethod = [null], testException = [null], mergedContextConfiguration = [WebMergedContextConfiguration@1fd14d74 testClass = UserServiceTest, locations = '{}', classes = '{class com.buka.partnermatchingbackend.PartnerMatchingBackendApplication}', contextInitializerClasses = '[]', activeProfiles = '{}', propertySourceLocations = '{}', propertySourceProperties = '{org.springframework.boot.test.context.SpringBootTestContextBootstrapper=true}', contextCustomizers = set[org.springframework.boot.test.context.filter.ExcludeFilterContextCustomizer@77888435, org.springframework.boot.test.json.DuplicateJsonObjectContextCustomizerFactory$DuplicateJsonObjectContextCustomizer@7b98f307, org.springframework.boot.test.mock.mockito.MockitoContextCustomizer@0, org.springframework.boot.test.web.client.TestRestTemplateContextCustomizer@4afcd809, org.springframework.boot.test.autoconfigure.properties.PropertyMappingContextCustomizer@0, org.springframework.boot.test.autoconfigure.web.servlet.WebDriverContextCustomizerFactory$Customizer@3b69e7d1, org.springframework.boot.test.context.SpringBootTestArgs@1], resourceBasePath = 'src/main/webapp', contextLoader = 'org.springframework.boot.test.context.SpringBootContextLoader', parent = [null]], attributes = map['org.springframework.test.context.web.ServletTestExecutionListener.activateListener' -> true]], class annotated with @DirtiesContext [false] with mode [null].
15:52:06.014 [main] DEBUG org.springframework.test.context.support.TestPropertySourceUtils - Adding inlined properties to environment: {spring.jmx.enabled=false, org.springframework.boot.test.context.SpringBootTestContextBootstrapper=true}
15:52:06.018 [main] DEBUG org.springframework.boot.context.logging.ClasspathLoggingApplicationListener - Application failed to start with classpath: [file:/C:/Users/SPONGE/AppData/Local/Temp/surefire3482205412985675969/surefirebooter9170676402608796497.jar]
15:52:06.018 [main] ERROR org.springframework.boot.SpringApplication - Application run failed
java.lang.IllegalArgumentException: Unable to instantiate factory class [com.github.xiaoymin.knife4j.spring.common.bean.SpringFoxEnvironmentPostProcessor] for factory type [org.springframework.boot.env.EnvironmentPostProcessor]
	at org.springframework.core.io.support.SpringFactoriesLoader.instantiateFactory(SpringFactoriesLoader.java:168)
	at org.springframework.core.io.support.SpringFactoriesLoader.loadFactories(SpringFactoriesLoader.java:104)
	at org.springframework.boot.context.config.ConfigFileApplicationListener.loadPostProcessors(ConfigFileApplicationListener.java:205)
	at org.springframework.boot.context.config.ConfigFileApplicationListener.onApplicationEnvironmentPreparedEvent(ConfigFileApplicationListener.java:196)
	at org.springframework.boot.context.config.ConfigFileApplicationListener.onApplicationEvent(ConfigFileApplicationListener.java:188)
	at org.springframework.context.event.SimpleApplicationEventMulticaster.doInvokeListener(SimpleApplicationEventMulticaster.java:172)
	at org.springframework.context.event.SimpleApplicationEventMulticaster.invokeListener(SimpleApplicationEventMulticaster.java:165)
	at org.springframework.context.event.SimpleApplicationEventMulticaster.multicastEvent(SimpleApplicationEventMulticaster.java:139)
	at org.springframework.context.event.SimpleApplicationEventMulticaster.multicastEvent(SimpleApplicationEventMulticaster.java:127)
	at org.springframework.boot.context.event.EventPublishingRunListener.environmentPrepared(EventPublishingRunListener.java:80)
	at org.springframework.boot.SpringApplicationRunListeners.environmentPrepared(SpringApplicationRunListeners.java:53)
	at org.springframework.boot.SpringApplication.prepareEnvironment(SpringApplication.java:345)
	at org.springframework.boot.SpringApplication.run(SpringApplication.java:308)
	at org.springframework.boot.test.context.SpringBootContextLoader.loadContext(SpringBootContextLoader.java:120)
	at org.springframework.test.context.cache.DefaultCacheAwareContextLoaderDelegate.loadContextInternal(DefaultCacheAwareContextLoaderDelegate.java:99)
	at org.springframework.test.context.cache.DefaultCacheAwareContextLoaderDelegate.loadContext(DefaultCacheAwareContextLoaderDelegate.java:124)
	at org.springframework.test.context.support.DefaultTestContext.getApplicationContext(DefaultTestContext.java:123)
	at org.springframework.test.context.web.ServletTestExecutionListener.setUpRequestContextIfNecessary(ServletTestExecutionListener.java:190)
	at org.springframework.test.context.web.ServletTestExecutionListener.prepareTestInstance(ServletTestExecutionListener.java:132)
	at org.springframework.test.context.TestContextManager.prepareTestInstance(TestContextManager.java:244)
	at org.springframework.test.context.junit.jupiter.SpringExtension.postProcessTestInstance(SpringExtension.java:98)
	at org.junit.jupiter.engine.descriptor.ClassBasedTestDescriptor.lambda$invokeTestInstancePostProcessors$5(ClassBasedTestDescriptor.java:341)
	at org.junit.jupiter.engine.descriptor.ClassBasedTestDescriptor.executeAndMaskThrowable(ClassBasedTestDescriptor.java:346)
	at org.junit.jupiter.engine.descriptor.ClassBasedTestDescriptor.lambda$invokeTestInstancePostProcessors$6(ClassBasedTestDescriptor.java:341)
	at java.util.stream.ReferencePipeline$3$1.accept(ReferencePipeline.java:193)
	at java.util.stream.ReferencePipeline$2$1.accept(ReferencePipeline.java:175)
	at java.util.ArrayList$ArrayListSpliterator.forEachRemaining(ArrayList.java:1384)
	at java.util.stream.AbstractPipeline.copyInto(AbstractPipeline.java:482)
	at java.util.stream.AbstractPipeline.wrapAndCopyInto(AbstractPipeline.java:472)
	at java.util.stream.StreamSpliterators$WrappingSpliterator.forEachRemaining(StreamSpliterators.java:313)
	at java.util.stream.Streams$ConcatSpliterator.forEachRemaining(Streams.java:743)
	at java.util.stream.Streams$ConcatSpliterator.forEachRemaining(Streams.java:742)
	at java.util.stream.ReferencePipeline$Head.forEach(ReferencePipeline.java:647)
	at org.junit.jupiter.engine.descriptor.ClassBasedTestDescriptor.invokeTestInstancePostProcessors(ClassBasedTestDescriptor.java:340)
	at org.junit.jupiter.engine.descriptor.ClassBasedTestDescriptor.instantiateAndPostProcessTestInstance(ClassBasedTestDescriptor.java:263)
	at org.junit.jupiter.engine.descriptor.ClassBasedTestDescriptor.lambda$testInstancesProvider$2(ClassBasedTestDescriptor.java:256)
	at java.util.Optional.orElseGet(Optional.java:267)
	at org.junit.jupiter.engine.descriptor.ClassBasedTestDescriptor.lambda$testInstancesProvider$3(ClassBasedTestDescriptor.java:255)
	at org.junit.jupiter.engine.execution.TestInstancesProvider.getTestInstances(TestInstancesProvider.java:29)
	at org.junit.jupiter.engine.descriptor.TestMethodTestDescriptor.lambda$prepare$0(TestMethodTestDescriptor.java:108)
	at org.junit.platform.engine.support.hierarchical.ThrowableCollector.execute(ThrowableCollector.java:73)
	at org.junit.jupiter.engine.descriptor.TestMethodTestDescriptor.prepare(TestMethodTestDescriptor.java:107)
	at org.junit.jupiter.engine.descriptor.TestMethodTestDescriptor.prepare(TestMethodTestDescriptor.java:71)
	at org.junit.platform.engine.support.hierarchical.NodeTestTask.lambda$prepare$1(NodeTestTask.java:107)
	at org.junit.platform.engine.support.hierarchical.ThrowableCollector.execute(ThrowableCollector.java:73)
	at org.junit.platform.engine.support.hierarchical.NodeTestTask.prepare(NodeTestTask.java:107)
	at org.junit.platform.engine.support.hierarchical.NodeTestTask.execute(NodeTestTask.java:75)
	at java.util.ArrayList.forEach(ArrayList.java:1259)
	at org.junit.platform.engine.support.hierarchical.SameThreadHierarchicalTestExecutorService.invokeAll(SameThreadHierarchicalTestExecutorService.java:38)
	at org.junit.platform.engine.support.hierarchical.NodeTestTask.lambda$executeRecursively$5(NodeTestTask.java:139)
	at org.junit.platform.engine.support.hierarchical.ThrowableCollector.execute(ThrowableCollector.java:73)
	at org.junit.platform.engine.support.hierarchical.NodeTestTask.lambda$executeRecursively$7(NodeTestTask.java:125)
	at org.junit.platform.engine.support.hierarchical.Node.around(Node.java:135)
	at org.junit.platform.engine.support.hierarchical.NodeTestTask.lambda$executeRecursively$8(NodeTestTask.java:123)
	at org.junit.platform.engine.support.hierarchical.ThrowableCollector.execute(ThrowableCollector.java:73)
	at org.junit.platform.engine.support.hierarchical.NodeTestTask.executeRecursively(NodeTestTask.java:122)
	at org.junit.platform.engine.support.hierarchical.NodeTestTask.execute(NodeTestTask.java:80)
	at java.util.ArrayList.forEach(ArrayList.java:1259)
	at org.junit.platform.engine.support.hierarchical.SameThreadHierarchicalTestExecutorService.invokeAll(SameThreadHierarchicalTestExecutorService.java:38)
	at org.junit.platform.engine.support.hierarchical.NodeTestTask.lambda$executeRecursively$5(NodeTestTask.java:139)
	at org.junit.platform.engine.support.hierarchical.ThrowableCollector.execute(ThrowableCollector.java:73)
	at org.junit.platform.engine.support.hierarchical.NodeTestTask.lambda$executeRecursively$7(NodeTestTask.java:125)
	at org.junit.platform.engine.support.hierarchical.Node.around(Node.java:135)
	at org.junit.platform.engine.support.hierarchical.NodeTestTask.lambda$executeRecursively$8(NodeTestTask.java:123)
	at org.junit.platform.engine.support.hierarchical.ThrowableCollector.execute(ThrowableCollector.java:73)
	at org.junit.platform.engine.support.hierarchical.NodeTestTask.executeRecursively(NodeTestTask.java:122)
	at org.junit.platform.engine.support.hierarchical.NodeTestTask.execute(NodeTestTask.java:80)
	at org.junit.platform.engine.support.hierarchical.SameThreadHierarchicalTestExecutorService.submit(SameThreadHierarchicalTestExecutorService.java:32)
	at org.junit.platform.engine.support.hierarchical.HierarchicalTestExecutor.execute(HierarchicalTestExecutor.java:57)
	at org.junit.platform.engine.support.hierarchical.HierarchicalTestEngine.execute(HierarchicalTestEngine.java:51)
	at org.junit.platform.launcher.core.DefaultLauncher.execute(DefaultLauncher.java:220)
	at org.junit.platform.launcher.core.DefaultLauncher.lambda$execute$6(DefaultLauncher.java:188)
	at org.junit.platform.launcher.core.DefaultLauncher.withInterceptedStreams(DefaultLauncher.java:202)
	at org.junit.platform.launcher.core.DefaultLauncher.execute(DefaultLauncher.java:181)
	at org.junit.platform.launcher.core.DefaultLauncher.execute(DefaultLauncher.java:128)
	at org.apache.maven.surefire.junitplatform.JUnitPlatformProvider.invokeAllTests(JUnitPlatformProvider.java:150)
	at org.apache.maven.surefire.junitplatform.JUnitPlatformProvider.invoke(JUnitPlatformProvider.java:124)
	at org.apache.maven.surefire.booter.ForkedBooter.invokeProviderInSameClassLoader(ForkedBooter.java:384)
	at org.apache.maven.surefire.booter.ForkedBooter.runSuitesInProcess(ForkedBooter.java:345)
	at org.apache.maven.surefire.booter.ForkedBooter.execute(ForkedBooter.java:126)
	at org.apache.maven.surefire.booter.ForkedBooter.main(ForkedBooter.java:418)
Caused by: java.lang.NoClassDefFoundError: org/springframework/boot/DefaultPropertiesPropertySource
	at java.lang.Class.getDeclaredConstructors0(Native Method)
	at java.lang.Class.privateGetDeclaredConstructors(Class.java:2699)
	at java.lang.Class.getConstructor0(Class.java:3103)
	at java.lang.Class.getDeclaredConstructor(Class.java:2206)
	at org.springframework.util.ReflectionUtils.accessibleConstructor(ReflectionUtils.java:185)
	at org.springframework.core.io.support.SpringFactoriesLoader.instantiateFactory(SpringFactoriesLoader.java:164)
	... 80 common frames omitted
Caused by: java.lang.ClassNotFoundException: org.springframework.boot.DefaultPropertiesPropertySource
	at java.net.URLClassLoader.findClass(URLClassLoader.java:387)
	at java.lang.ClassLoader.loadClass(ClassLoader.java:418)
	at sun.misc.Launcher$AppClassLoader.loadClass(Launcher.java:352)
	at java.lang.ClassLoader.loadClass(ClassLoader.java:351)
	... 86 common frames omitted
15:52:06.019 [main] ERROR org.springframework.test.context.TestContextManager - Caught exception while allowing TestExecutionListener [org.springframework.test.context.web.ServletTestExecutionListener@1205bd62] to prepare test instance [com.buka.partnermatchingbackend.service.UserServiceTest@198d6542]
java.lang.IllegalStateException: Failed to load ApplicationContext
	at org.springframework.test.context.cache.DefaultCacheAwareContextLoaderDelegate.loadContext(DefaultCacheAwareContextLoaderDelegate.java:132)
	at org.springframework.test.context.support.DefaultTestContext.getApplicationContext(DefaultTestContext.java:123)
	at org.springframework.test.context.web.ServletTestExecutionListener.setUpRequestContextIfNecessary(ServletTestExecutionListener.java:190)
	at org.springframework.test.context.web.ServletTestExecutionListener.prepareTestInstance(ServletTestExecutionListener.java:132)
	at org.springframework.test.context.TestContextManager.prepareTestInstance(TestContextManager.java:244)
	at org.springframework.test.context.junit.jupiter.SpringExtension.postProcessTestInstance(SpringExtension.java:98)
	at org.junit.jupiter.engine.descriptor.ClassBasedTestDescriptor.lambda$invokeTestInstancePostProcessors$5(ClassBasedTestDescriptor.java:341)
	at org.junit.jupiter.engine.descriptor.ClassBasedTestDescriptor.executeAndMaskThrowable(ClassBasedTestDescriptor.java:346)
	at org.junit.jupiter.engine.descriptor.ClassBasedTestDescriptor.lambda$invokeTestInstancePostProcessors$6(ClassBasedTestDescriptor.java:341)
	at java.util.stream.ReferencePipeline$3$1.accept(ReferencePipeline.java:193)
	at java.util.stream.ReferencePipeline$2$1.accept(ReferencePipeline.java:175)
	at java.util.ArrayList$ArrayListSpliterator.forEachRemaining(ArrayList.java:1384)
	at java.util.stream.AbstractPipeline.copyInto(AbstractPipeline.java:482)
	at java.util.stream.AbstractPipeline.wrapAndCopyInto(AbstractPipeline.java:472)
	at java.util.stream.StreamSpliterators$WrappingSpliterator.forEachRemaining(StreamSpliterators.java:313)
	at java.util.stream.Streams$ConcatSpliterator.forEachRemaining(Streams.java:743)
	at java.util.stream.Streams$ConcatSpliterator.forEachRemaining(Streams.java:742)
	at java.util.stream.ReferencePipeline$Head.forEach(ReferencePipeline.java:647)
	at org.junit.jupiter.engine.descriptor.ClassBasedTestDescriptor.invokeTestInstancePostProcessors(ClassBasedTestDescriptor.java:340)
	at org.junit.jupiter.engine.descriptor.ClassBasedTestDescriptor.instantiateAndPostProcessTestInstance(ClassBasedTestDescriptor.java:263)
	at org.junit.jupiter.engine.descriptor.ClassBasedTestDescriptor.lambda$testInstancesProvider$2(ClassBasedTestDescriptor.java:256)
	at java.util.Optional.orElseGet(Optional.java:267)
	at org.junit.jupiter.engine.descriptor.ClassBasedTestDescriptor.lambda$testInstancesProvider$3(ClassBasedTestDescriptor.java:255)
	at org.junit.jupiter.engine.execution.TestInstancesProvider.getTestInstances(TestInstancesProvider.java:29)
	at org.junit.jupiter.engine.descriptor.TestMethodTestDescriptor.lambda$prepare$0(TestMethodTestDescriptor.java:108)
	at org.junit.platform.engine.support.hierarchical.ThrowableCollector.execute(ThrowableCollector.java:73)
	at org.junit.jupiter.engine.descriptor.TestMethodTestDescriptor.prepare(TestMethodTestDescriptor.java:107)
	at org.junit.jupiter.engine.descriptor.TestMethodTestDescriptor.prepare(TestMethodTestDescriptor.java:71)
	at org.junit.platform.engine.support.hierarchical.NodeTestTask.lambda$prepare$1(NodeTestTask.java:107)
	at org.junit.platform.engine.support.hierarchical.ThrowableCollector.execute(ThrowableCollector.java:73)
	at org.junit.platform.engine.support.hierarchical.NodeTestTask.prepare(NodeTestTask.java:107)
	at org.junit.platform.engine.support.hierarchical.NodeTestTask.execute(NodeTestTask.java:75)
	at java.util.ArrayList.forEach(ArrayList.java:1259)
	at org.junit.platform.engine.support.hierarchical.SameThreadHierarchicalTestExecutorService.invokeAll(SameThreadHierarchicalTestExecutorService.java:38)
	at org.junit.platform.engine.support.hierarchical.NodeTestTask.lambda$executeRecursively$5(NodeTestTask.java:139)
	at org.junit.platform.engine.support.hierarchical.ThrowableCollector.execute(ThrowableCollector.java:73)
	at org.junit.platform.engine.support.hierarchical.NodeTestTask.lambda$executeRecursively$7(NodeTestTask.java:125)
	at org.junit.platform.engine.support.hierarchical.Node.around(Node.java:135)
	at org.junit.platform.engine.support.hierarchical.NodeTestTask.lambda$executeRecursively$8(NodeTestTask.java:123)
	at org.junit.platform.engine.support.hierarchical.ThrowableCollector.execute(ThrowableCollector.java:73)
	at org.junit.platform.engine.support.hierarchical.NodeTestTask.executeRecursively(NodeTestTask.java:122)
	at org.junit.platform.engine.support.hierarchical.NodeTestTask.execute(NodeTestTask.java:80)
	at java.util.ArrayList.forEach(ArrayList.java:1259)
	at org.junit.platform.engine.support.hierarchical.SameThreadHierarchicalTestExecutorService.invokeAll(SameThreadHierarchicalTestExecutorService.java:38)
	at org.junit.platform.engine.support.hierarchical.NodeTestTask.lambda$executeRecursively$5(NodeTestTask.java:139)
	at org.junit.platform.engine.support.hierarchical.ThrowableCollector.execute(ThrowableCollector.java:73)
	at org.junit.platform.engine.support.hierarchical.NodeTestTask.lambda$executeRecursively$7(NodeTestTask.java:125)
	at org.junit.platform.engine.support.hierarchical.Node.around(Node.java:135)
	at org.junit.platform.engine.support.hierarchical.NodeTestTask.lambda$executeRecursively$8(NodeTestTask.java:123)
	at org.junit.platform.engine.support.hierarchical.ThrowableCollector.execute(ThrowableCollector.java:73)
	at org.junit.platform.engine.support.hierarchical.NodeTestTask.executeRecursively(NodeTestTask.java:122)
	at org.junit.platform.engine.support.hierarchical.NodeTestTask.execute(NodeTestTask.java:80)
	at org.junit.platform.engine.support.hierarchical.SameThreadHierarchicalTestExecutorService.submit(SameThreadHierarchicalTestExecutorService.java:32)
	at org.junit.platform.engine.support.hierarchical.HierarchicalTestExecutor.execute(HierarchicalTestExecutor.java:57)
	at org.junit.platform.engine.support.hierarchical.HierarchicalTestEngine.execute(HierarchicalTestEngine.java:51)
	at org.junit.platform.launcher.core.DefaultLauncher.execute(DefaultLauncher.java:220)
	at org.junit.platform.launcher.core.DefaultLauncher.lambda$execute$6(DefaultLauncher.java:188)
	at org.junit.platform.launcher.core.DefaultLauncher.withInterceptedStreams(DefaultLauncher.java:202)
	at org.junit.platform.launcher.core.DefaultLauncher.execute(DefaultLauncher.java:181)
	at org.junit.platform.launcher.core.DefaultLauncher.execute(DefaultLauncher.java:128)
	at org.apache.maven.surefire.junitplatform.JUnitPlatformProvider.invokeAllTests(JUnitPlatformProvider.java:150)
	at org.apache.maven.surefire.junitplatform.JUnitPlatformProvider.invoke(JUnitPlatformProvider.java:124)
	at org.apache.maven.surefire.booter.ForkedBooter.invokeProviderInSameClassLoader(ForkedBooter.java:384)
	at org.apache.maven.surefire.booter.ForkedBooter.runSuitesInProcess(ForkedBooter.java:345)
	at org.apache.maven.surefire.booter.ForkedBooter.execute(ForkedBooter.java:126)
	at org.apache.maven.surefire.booter.ForkedBooter.main(ForkedBooter.java:418)
Caused by: java.lang.IllegalArgumentException: Unable to instantiate factory class [com.github.xiaoymin.knife4j.spring.common.bean.SpringFoxEnvironmentPostProcessor] for factory type [org.springframework.boot.env.EnvironmentPostProcessor]
	at org.springframework.core.io.support.SpringFactoriesLoader.instantiateFactory(SpringFactoriesLoader.java:168)
	at org.springframework.core.io.support.SpringFactoriesLoader.loadFactories(SpringFactoriesLoader.java:104)
	at org.springframework.boot.context.config.ConfigFileApplicationListener.loadPostProcessors(ConfigFileApplicationListener.java:205)
	at org.springframework.boot.context.config.ConfigFileApplicationListener.onApplicationEnvironmentPreparedEvent(ConfigFileApplicationListener.java:196)
	at org.springframework.boot.context.config.ConfigFileApplicationListener.onApplicationEvent(ConfigFileApplicationListener.java:188)
	at org.springframework.context.event.SimpleApplicationEventMulticaster.doInvokeListener(SimpleApplicationEventMulticaster.java:172)
	at org.springframework.context.event.SimpleApplicationEventMulticaster.invokeListener(SimpleApplicationEventMulticaster.java:165)
	at org.springframework.context.event.SimpleApplicationEventMulticaster.multicastEvent(SimpleApplicationEventMulticaster.java:139)
	at org.springframework.context.event.SimpleApplicationEventMulticaster.multicastEvent(SimpleApplicationEventMulticaster.java:127)
	at org.springframework.boot.context.event.EventPublishingRunListener.environmentPrepared(EventPublishingRunListener.java:80)
	at org.springframework.boot.SpringApplicationRunListeners.environmentPrepared(SpringApplicationRunListeners.java:53)
	at org.springframework.boot.SpringApplication.prepareEnvironment(SpringApplication.java:345)
	at org.springframework.boot.SpringApplication.run(SpringApplication.java:308)
	at org.springframework.boot.test.context.SpringBootContextLoader.loadContext(SpringBootContextLoader.java:120)
	at org.springframework.test.context.cache.DefaultCacheAwareContextLoaderDelegate.loadContextInternal(DefaultCacheAwareContextLoaderDelegate.java:99)
	at org.springframework.test.context.cache.DefaultCacheAwareContextLoaderDelegate.loadContext(DefaultCacheAwareContextLoaderDelegate.java:124)
	... 65 common frames omitted
Caused by: java.lang.NoClassDefFoundError: org/springframework/boot/DefaultPropertiesPropertySource
	at java.lang.Class.getDeclaredConstructors0(Native Method)
	at java.lang.Class.privateGetDeclaredConstructors(Class.java:2699)
	at java.lang.Class.getConstructor0(Class.java:3103)
	at java.lang.Class.getDeclaredConstructor(Class.java:2206)
	at org.springframework.util.ReflectionUtils.accessibleConstructor(ReflectionUtils.java:185)
	at org.springframework.core.io.support.SpringFactoriesLoader.instantiateFactory(SpringFactoriesLoader.java:164)
	... 80 common frames omitted
Caused by: java.lang.ClassNotFoundException: org.springframework.boot.DefaultPropertiesPropertySource
	at java.net.URLClassLoader.findClass(URLClassLoader.java:387)
	at java.lang.ClassLoader.loadClass(ClassLoader.java:418)
	at sun.misc.Launcher$AppClassLoader.loadClass(Launcher.java:352)
	at java.lang.ClassLoader.loadClass(ClassLoader.java:351)
	... 86 common frames omitted
]]></system-out>
  </testcase>
</testsuite>